# JRE version: OpenJDK Runtime Environment Corretto-17.0.11.9.1 (17.0.11+9) (build 17.0.11+9-LTS)
# Java VM: OpenJDK 64-Bit Server VM Corretto-17.0.11.9.1 (17.0.11+9-LTS, mixed mode, emulated-client, sharing, tiered, compressed oops, compressed class ptrs, g1 gc, bsd-aarch64)
GC Precious Log:
 CPUs: 8 total, 8 available
 Memory: 8192M
 Large Page Support: Disabled
 NUMA Support: Disabled
 Compressed Oops: Enabled (Zero based)
 Heap Region Size: 1M
 Heap Min Capacity: 8M
 Heap Initial Capacity: 128M
 Heap Max Capacity: 2G
 Pre-touch: Disabled
 Parallel Workers: 8
 Concurrent Workers: 2
 Concurrent Refinement Workers: 8
 Periodic GC: Disabled
Heap:
 garbage-first heap   total 92160K, used 65780K [0x0000000780000000, 0x0000000800000000)
  region size 1024K, 43 young (44032K), 5 survivors (5120K)
 Metaspace       used 39653K, committed 40128K, reserved 1114112K
  class space    used 5534K, committed 5760K, reserved 1048576K
GC Heap History (14 events):
Event: 0.213 GC heap before
{Heap before GC invocations=0 (full 0):
 garbage-first heap   total 133120K, used 25504K [0x0000000780000000, 0x0000000800000000)
  region size 1024K, 23 young (23552K), 0 survivors (0K)
 Metaspace       used 5203K, committed 5312K, reserved 1114112K
  class space    used 713K, committed 768K, reserved 1048576K
}
Event: 0.215 GC heap after
{Heap after GC invocations=1 (full 0):
 garbage-first heap   total 133120K, used 7703K [0x0000000780000000, 0x0000000800000000)
  region size 1024K, 3 young (3072K), 3 survivors (3072K)
 Metaspace       used 5203K, committed 5312K, reserved 1114112K
  class space    used 713K, committed 768K, reserved 1048576K
}
Event: 0.395 GC heap before
{Heap before GC invocations=1 (full 0):
 garbage-first heap   total 133120K, used 37399K [0x0000000780000000, 0x0000000800000000)
  region size 1024K, 33 young (33792K), 3 survivors (3072K)
 Metaspace       used 11868K, committed 12096K, reserved 1114112K
  class space    used 1608K, committed 1728K, reserved 1048576K
}
Event: 0.397 GC heap after
{Heap after GC invocations=2 (full 0):
 garbage-first heap   total 133120K, used 10080K [0x0000000780000000, 0x0000000800000000)
  region size 1024K, 3 young (3072K), 3 survivors (3072K)
 Metaspace       used 11868K, committed 12096K, reserved 1114112K
  class space    used 1608K, committed 1728K, reserved 1048576K
}
Event: 0.773 GC heap before
{Heap before GC invocations=2 (full 0):
 garbage-first heap   total 133120K, used 75616K [0x0000000780000000, 0x0000000800000000)
  region size 1024K, 68 young (69632K), 3 survivors (3072K)
 Metaspace       used 21168K, committed 21504K, reserved 1114112K
  class space    used 2984K, committed 3136K, reserved 1048576K
}
Event: 0.777 GC heap after
{Heap after GC invocations=3 (full 0):
 garbage-first heap   total 133120K, used 15373K [0x0000000780000000, 0x0000000800000000)
  region size 1024K, 8 young (8192K), 8 survivors (8192K)
 Metaspace       used 21168K, committed 21504K, reserved 1114112K
  class space    used 2984K, committed 3136K, reserved 1048576K
}
Event: 1.007 GC heap before
{Heap before GC invocations=4 (full 0):
 garbage-first heap   total 61440K, used 48141K [0x0000000780000000, 0x0000000800000000)
  region size 1024K, 40 young (40960K), 8 survivors (8192K)
 Metaspace       used 26833K, committed 27328K, reserved 1114112K
  class space    used 3794K, committed 4032K, reserved 1048576K
}
Event: 1.011 GC heap after
{Heap after GC invocations=5 (full 0):
 garbage-first heap   total 62464K, used 18069K [0x0000000780000000, 0x0000000800000000)
  region size 1024K, 4 young (4096K), 4 survivors (4096K)
 Metaspace       used 26833K, committed 27328K, reserved 1114112K
  class space    used 3794K, committed 4032K, reserved 1048576K
}
Event: 1.018 GC heap before
{Heap before GC invocations=5 (full 0):
 garbage-first heap   total 62464K, used 19093K [0x0000000780000000, 0x0000000800000000)
  region size 1024K, 5 young (5120K), 4 survivors (4096K)
 Metaspace       used 27089K, committed 27520K, reserved 1114112K
  class space    used 3845K, committed 4032K, reserved 1048576K
}
Event: 1.020 GC heap after
{Heap after GC invocations=6 (full 0):
 garbage-first heap   total 62464K, used 18533K [0x0000000780000000, 0x0000000800000000)
  region size 1024K, 1 young (1024K), 1 survivors (1024K)
 Metaspace       used 27089K, committed 27520K, reserved 1114112K
  class space    used 3845K, committed 4032K, reserved 1048576K
}
Event: 1.159 GC heap before
{Heap before GC invocations=6 (full 0):
 garbage-first heap   total 62464K, used 42085K [0x0000000780000000, 0x0000000800000000)
  region size 1024K, 24 young (24576K), 1 survivors (1024K)
 Metaspace       used 30290K, committed 30656K, reserved 1114112K
  class space    used 4323K, committed 4480K, reserved 1048576K
}
Event: 1.161 GC heap after
{Heap after GC invocations=7 (full 0):
 garbage-first heap   total 102400K, used 19396K [0x0000000780000000, 0x0000000800000000)
  region size 1024K, 2 young (2048K), 2 survivors (2048K)
 Metaspace       used 30290K, committed 30656K, reserved 1114112K
  class space    used 4323K, committed 4480K, reserved 1048576K
}
Event: 1.337 GC heap before
{Heap before GC invocations=7 (full 0):
 garbage-first heap   total 102400K, used 47044K [0x0000000780000000, 0x0000000800000000)
  region size 1024K, 30 young (30720K), 2 survivors (2048K)
 Metaspace       used 35622K, committed 36096K, reserved 1114112K
  class space    used 5056K, committed 5312K, reserved 1048576K
}
Event: 1.340 GC heap after
{Heap after GC invocations=8 (full 0):
 garbage-first heap   total 102400K, used 22772K [0x0000000780000000, 0x0000000800000000)
  region size 1024K, 5 young (5120K), 5 survivors (5120K)
 Metaspace       used 35622K, committed 36096K, reserved 1114112K
  class space    used 5056K, committed 5312K, reserved 1048576K
}

